replay: hits [0] nid2=1 off=516748 m=0.140 [1] nid2=1 off=578745 m=0.127 [2] nid2=2 off=56045 m=0.136
replay: meta-seed pci=84 off=257689 cfo=1111.28 pss=0.253
GRID_DBG: pci=84 cfo=1111.3 pss_corr=0.0838 sss_corr=0.1453 pss_ph=-131.2 sym_pow=[2085.4,2193.2,2685.2,2817.3]
  pci0_scan: pci=84 dt=0 dcfo=0 best_ssb=5 dmrs=0.1349
  pci0_scan: pci=84 dt=0 dcfo=-500 best_ssb=5 dmrs=0.1360
  pci0_scan: pci=84 dt=0 dcfo=500 best_ssb=5 dmrs=0.1328
  pci0_scan: pci=84 dt=-1 dcfo=0 best_ssb=7 dmrs=0.1147
  pci0_scan: pci=84 dt=-1 dcfo=-500 best_ssb=7 dmrs=0.1192
  pci0_scan: pci=84 dt=-1 dcfo=500 best_ssb=0 dmrs=0.1164
  pci0_scan: pci=84 dt=1 dcfo=0 best_ssb=5 dmrs=0.1631
  pci0_scan: pci=84 dt=1 dcfo=-500 best_ssb=5 dmrs=0.1648
  pci0_scan: pci=84 dt=1 dcfo=500 best_ssb=5 dmrs=0.1600
  pci0_scan: pci=84 dt=-2 dcfo=0 best_ssb=1 dmrs=0.1127
  pci0_scan: pci=84 dt=-2 dcfo=-500 best_ssb=1 dmrs=0.1143
  pci0_scan: pci=84 dt=-2 dcfo=500 best_ssb=0 dmrs=0.1152
  pci0_scan: pci=84 dt=2 dcfo=0 best_ssb=5 dmrs=0.1698
  pci0_scan: pci=84 dt=2 dcfo=-500 best_ssb=5 dmrs=0.1725
  pci0_scan: pci=84 dt=2 dcfo=500 best_ssb=5 dmrs=0.1654
  pci0_scan: pci=84 dt=-3 dcfo=0 best_ssb=1 dmrs=0.1084
  pci0_scan: pci=84 dt=-3 dcfo=-500 best_ssb=1 dmrs=0.1123
  pci0_scan: pci=84 dt=-3 dcfo=500 best_ssb=1 dmrs=0.1037
  pci0_scan: pci=84 dt=3 dcfo=0 best_ssb=5 dmrs=0.1522
  pci0_scan: pci=84 dt=3 dcfo=-500 best_ssb=5 dmrs=0.1557
  pci0_scan: pci=84 dt=3 dcfo=500 best_ssb=5 dmrs=0.1467
pbch_hyps: count=8 decode=8 best_pci=84 best_ssb=5 best_dmrs=0.173 cfo=1111.3
  hyp[0]: pci=84 ssb=5 dmrs=0.173 ds=0 dt=2 dcfo=-500.0
  hyp[1]: pci=84 ssb=5 dmrs=0.170 ds=0 dt=2 dcfo=0.0
  hyp[2]: pci=84 ssb=5 dmrs=0.165 ds=0 dt=2 dcfo=500.0
  hyp[3]: pci=84 ssb=5 dmrs=0.165 ds=0 dt=1 dcfo=-500.0
  hyp[4]: pci=84 ssb=5 dmrs=0.163 ds=0 dt=1 dcfo=0.0
  hyp[5]: pci=84 ssb=5 dmrs=0.160 ds=0 dt=1 dcfo=500.0
  hyp[6]: pci=84 ssb=5 dmrs=0.156 ds=0 dt=3 dcfo=-500.0
  hyp[7]: pci=84 ssb=5 dmrs=0.152 ds=0 dt=3 dcfo=0.0
  pbch_try[0]: pci=84 ssb=5 dmrs=0.173 noise=0.6990 cpe=0.082 dt=2 dcfo=-500.0
  LLR_PRE_SCR: pci=84 ssb=5 mean_abs=4.05 max=61.36 pos_frac=0.470
  pbch_try[1]: pci=84 ssb=5 dmrs=0.170 noise=0.6817 cpe=0.083 dt=2 dcfo=0.0
  pbch_try[2]: pci=84 ssb=5 dmrs=0.165 noise=0.6637 cpe=0.082 dt=2 dcfo=500.0
  pbch_try[3]: pci=84 ssb=5 dmrs=0.165 noise=0.6901 cpe=0.078 dt=1 dcfo=-500.0
  pbch_try[4]: pci=84 ssb=5 dmrs=0.163 noise=0.6734 cpe=0.079 dt=1 dcfo=0.0
  pbch_try[5]: pci=84 ssb=5 dmrs=0.160 noise=0.6561 cpe=0.077 dt=1 dcfo=500.0
  pbch_try[6]: pci=84 ssb=5 dmrs=0.156 noise=0.7100 cpe=0.085 dt=3 dcfo=-500.0
  pbch_try[7]: pci=84 ssb=5 dmrs=0.152 noise=0.6927 cpe=0.086 dt=3 dcfo=0.0
pbch_bch: crc-fail pci=84 ssb=5 dmrs=0.173 second=0.170 ds=0 dt=2 dcfo=-500.0 pss=0.253 snr=0.88
replay: meta-seed pbch=fail ssb=5 stage=3 dmrs=0.173 second=0.170 mib=0 sfn=0 payload=0x000000
replay: cand[0] pci=739 off=516770 cfo=-9007.60 snr=0.81 pss=0.140
GRID_DBG: pci=853 cfo=-9007.6 pss_corr=0.1016 sss_corr=0.0730 pss_ph=-149.7 sym_pow=[4660.7,4041.1,4207.5,3783.4]
  pci0_scan: pci=853 dt=0 dcfo=0 best_ssb=3 dmrs=0.1649
  pci0_scan: pci=853 dt=0 dcfo=-500 best_ssb=3 dmrs=0.1650
  pci0_scan: pci=853 dt=0 dcfo=500 best_ssb=3 dmrs=0.1640
  pci0_scan: pci=853 dt=-1 dcfo=0 best_ssb=3 dmrs=0.1461
  pci0_scan: pci=853 dt=-1 dcfo=-500 best_ssb=3 dmrs=0.1457
  pci0_scan: pci=853 dt=-1 dcfo=500 best_ssb=3 dmrs=0.1467
  pci0_scan: pci=853 dt=1 dcfo=0 best_ssb=3 dmrs=0.1507
  pci0_scan: pci=853 dt=1 dcfo=-500 best_ssb=3 dmrs=0.1494
  pci0_scan: pci=853 dt=1 dcfo=500 best_ssb=3 dmrs=0.1509
  pci0_scan: pci=853 dt=-2 dcfo=0 best_ssb=3 dmrs=0.0978
  pci0_scan: pci=853 dt=-2 dcfo=-500 best_ssb=3 dmrs=0.0969
  pci0_scan: pci=853 dt=-2 dcfo=500 best_ssb=3 dmrs=0.1003
  pci0_scan: pci=853 dt=2 dcfo=0 best_ssb=2 dmrs=0.1290
  pci0_scan: pci=853 dt=2 dcfo=-500 best_ssb=2 dmrs=0.1295
  pci0_scan: pci=853 dt=2 dcfo=500 best_ssb=2 dmrs=0.1274
  pci0_scan: pci=853 dt=-3 dcfo=0 best_ssb=0 dmrs=0.1041
  pci0_scan: pci=853 dt=-3 dcfo=-500 best_ssb=5 dmrs=0.1050
  pci0_scan: pci=853 dt=-3 dcfo=500 best_ssb=0 dmrs=0.1074
  pci0_scan: pci=853 dt=3 dcfo=0 best_ssb=2 dmrs=0.1419
  pci0_scan: pci=853 dt=3 dcfo=-500 best_ssb=2 dmrs=0.1436
  pci0_scan: pci=853 dt=3 dcfo=500 best_ssb=2 dmrs=0.1385
pbch_hyps: count=8 decode=8 best_pci=163 best_ssb=3 best_dmrs=0.174 cfo=-9007.6
  hyp[0]: pci=163 ssb=3 dmrs=0.174 ds=66 dt=1 dcfo=500.0
  hyp[1]: pci=106 ssb=5 dmrs=0.174 ds=0 dt=-3 dcfo=500.0
  hyp[2]: pci=106 ssb=5 dmrs=0.171 ds=0 dt=-3 dcfo=0.0
  hyp[3]: pci=682 ssb=0 dmrs=0.170 ds=0 dt=-1 dcfo=500.0
  hyp[4]: pci=682 ssb=0 dmrs=0.170 ds=0 dt=-1 dcfo=0.0
  hyp[5]: pci=682 ssb=0 dmrs=0.170 ds=0 dt=-1 dcfo=-500.0
  hyp[6]: pci=496 ssb=0 dmrs=0.168 ds=44 dt=3 dcfo=-500.0
  hyp[7]: pci=496 ssb=0 dmrs=0.168 ds=44 dt=3 dcfo=0.0
  pbch_try[0]: pci=163 ssb=3 dmrs=0.174 noise=0.7595 cpe=-0.024 dt=1 dcfo=500.0
  pbch_try[1]: pci=106 ssb=5 dmrs=0.174 noise=0.6613 cpe=0.033 dt=-3 dcfo=500.0
  pbch_try[2]: pci=106 ssb=5 dmrs=0.171 noise=0.6808 cpe=0.026 dt=-3 dcfo=0.0
  pbch_try[3]: pci=682 ssb=0 dmrs=0.170 noise=0.7613 cpe=0.009 dt=-1 dcfo=500.0
  pbch_try[4]: pci=682 ssb=0 dmrs=0.170 noise=0.7509 cpe=0.004 dt=-1 dcfo=0.0
  pbch_try[5]: pci=682 ssb=0 dmrs=0.170 noise=0.7382 cpe=-0.000 dt=-1 dcfo=-500.0
  pbch_try[6]: pci=496 ssb=0 dmrs=0.168 noise=0.6145 cpe=-0.035 dt=3 dcfo=-500.0
  pbch_try[7]: pci=496 ssb=0 dmrs=0.168 noise=0.6379 cpe=-0.034 dt=3 dcfo=0.0
pbch_bch: crc-fail pci=163 ssb=3 dmrs=0.174 second=0.174 ds=66 dt=1 dcfo=500.0 pss=0.140 snr=0.81
replay: cand[0] pbch=fail ssb=3 stage=3 dmrs=0.174 second=0.174 mib=0 sfn=0 payload=0x000000
replay: cand[1] pci=553 off=578745 cfo=5859.59 snr=0.82 pss=0.127
GRID_DBG: pci=553 cfo=5859.6 pss_corr=0.2533 sss_corr=0.1309 pss_ph=-133.5 sym_pow=[4389.5,4294.6,3650.8,4303.8]
  pci0_scan: pci=553 dt=0 dcfo=0 best_ssb=5 dmrs=0.0960
  pci0_scan: pci=553 dt=0 dcfo=-500 best_ssb=5 dmrs=0.0996
  pci0_scan: pci=553 dt=0 dcfo=500 best_ssb=2 dmrs=0.1007
  pci0_scan: pci=553 dt=-1 dcfo=0 best_ssb=2 dmrs=0.1298
  pci0_scan: pci=553 dt=-1 dcfo=-500 best_ssb=2 dmrs=0.1170
  pci0_scan: pci=553 dt=-1 dcfo=500 best_ssb=2 dmrs=0.1421
  pci0_scan: pci=553 dt=1 dcfo=0 best_ssb=4 dmrs=0.1068
  pci0_scan: pci=553 dt=1 dcfo=-500 best_ssb=5 dmrs=0.1112
  pci0_scan: pci=553 dt=1 dcfo=500 best_ssb=4 dmrs=0.1163
  pci0_scan: pci=553 dt=-2 dcfo=0 best_ssb=2 dmrs=0.1502
  pci0_scan: pci=553 dt=-2 dcfo=-500 best_ssb=2 dmrs=0.1345
  pci0_scan: pci=553 dt=-2 dcfo=500 best_ssb=2 dmrs=0.1652
  pci0_scan: pci=553 dt=2 dcfo=0 best_ssb=4 dmrs=0.1027
  pci0_scan: pci=553 dt=2 dcfo=-500 best_ssb=5 dmrs=0.1089
  pci0_scan: pci=553 dt=2 dcfo=500 best_ssb=4 dmrs=0.1119
  pci0_scan: pci=553 dt=-3 dcfo=0 best_ssb=4 dmrs=0.1426
  pci0_scan: pci=553 dt=-3 dcfo=-500 best_ssb=4 dmrs=0.1410
  pci0_scan: pci=553 dt=-3 dcfo=500 best_ssb=2 dmrs=0.1550
  pci0_scan: pci=553 dt=3 dcfo=0 best_ssb=6 dmrs=0.1092
  pci0_scan: pci=553 dt=3 dcfo=-500 best_ssb=6 dmrs=0.1069
  pci0_scan: pci=553 dt=3 dcfo=500 best_ssb=6 dmrs=0.1108
pbch_hyps: count=8 decode=8 best_pci=19 best_ssb=6 best_dmrs=0.233 cfo=5859.6
  hyp[0]: pci=19 ssb=6 dmrs=0.233 ds=44 dt=-2 dcfo=500.0
  hyp[1]: pci=19 ssb=6 dmrs=0.224 ds=44 dt=-1 dcfo=500.0
  hyp[2]: pci=19 ssb=6 dmrs=0.222 ds=44 dt=-2 dcfo=0.0
  hyp[3]: pci=19 ssb=6 dmrs=0.210 ds=44 dt=-1 dcfo=0.0
  hyp[4]: pci=19 ssb=6 dmrs=0.209 ds=44 dt=-2 dcfo=-500.0
  hyp[5]: pci=19 ssb=6 dmrs=0.206 ds=44 dt=-3 dcfo=500.0
  hyp[6]: pci=19 ssb=6 dmrs=0.198 ds=44 dt=-3 dcfo=0.0
  hyp[7]: pci=19 ssb=6 dmrs=0.195 ds=44 dt=-1 dcfo=-500.0
  pbch_try[0]: pci=19 ssb=6 dmrs=0.233 noise=0.7088 cpe=-0.034 dt=-2 dcfo=500.0
  pbch_try[1]: pci=19 ssb=6 dmrs=0.224 noise=0.7126 cpe=-0.026 dt=-1 dcfo=500.0
  pbch_try[2]: pci=19 ssb=6 dmrs=0.222 noise=0.7140 cpe=-0.039 dt=-2 dcfo=0.0
  pbch_try[3]: pci=19 ssb=6 dmrs=0.210 noise=0.7189 cpe=-0.031 dt=-1 dcfo=0.0
  pbch_try[4]: pci=19 ssb=6 dmrs=0.209 noise=0.7183 cpe=-0.044 dt=-2 dcfo=-500.0
  LLR_PRE_SCR: pci=19 ssb=6 mean_abs=4.95 max=160.03 pos_frac=0.499
  pbch_try[5]: pci=19 ssb=6 dmrs=0.206 noise=0.7046 cpe=-0.035 dt=-3 dcfo=500.0
  pbch_try[6]: pci=19 ssb=6 dmrs=0.198 noise=0.7100 cpe=-0.040 dt=-3 dcfo=0.0
  pbch_try[7]: pci=19 ssb=6 dmrs=0.195 noise=0.7242 cpe=-0.036 dt=-1 dcfo=-500.0
pbch_bch: crc-fail pci=19 ssb=6 dmrs=0.233 second=0.224 ds=44 dt=-2 dcfo=500.0 pss=0.127 snr=0.82
replay: cand[1] pbch=fail ssb=6 stage=3 dmrs=0.233 second=0.224 mib=0 sfn=0 payload=0x000000
replay: cand[2] pci=584 off=56089 cfo=5231.41 snr=0.91 pss=0.136
GRID_DBG: pci=584 cfo=5231.4 pss_corr=0.1117 sss_corr=0.0307 pss_ph=-66.1 sym_pow=[3361.5,3197.9,2635.0,3299.8]
  pci0_scan: pci=584 dt=0 dcfo=0 best_ssb=3 dmrs=0.1485
  pci0_scan: pci=584 dt=0 dcfo=-500 best_ssb=4 dmrs=0.1534
  pci0_scan: pci=584 dt=0 dcfo=500 best_ssb=3 dmrs=0.1496
  pci0_scan: pci=584 dt=-1 dcfo=0 best_ssb=4 dmrs=0.1360
  pci0_scan: pci=584 dt=-1 dcfo=-500 best_ssb=4 dmrs=0.1468
  pci0_scan: pci=584 dt=-1 dcfo=500 best_ssb=3 dmrs=0.1330
  pci0_scan: pci=584 dt=1 dcfo=0 best_ssb=4 dmrs=0.1560
  pci0_scan: pci=584 dt=1 dcfo=-500 best_ssb=4 dmrs=0.1580
  pci0_scan: pci=584 dt=1 dcfo=500 best_ssb=4 dmrs=0.1518
  pci0_scan: pci=584 dt=-2 dcfo=0 best_ssb=2 dmrs=0.1304
  pci0_scan: pci=584 dt=-2 dcfo=-500 best_ssb=2 dmrs=0.1372
  pci0_scan: pci=584 dt=-2 dcfo=500 best_ssb=2 dmrs=0.1220
  pci0_scan: pci=584 dt=2 dcfo=0 best_ssb=4 dmrs=0.1660
  pci0_scan: pci=584 dt=2 dcfo=-500 best_ssb=4 dmrs=0.1671
  pci0_scan: pci=584 dt=2 dcfo=500 best_ssb=4 dmrs=0.1628
  pci0_scan: pci=584 dt=-3 dcfo=0 best_ssb=2 dmrs=0.1441
  pci0_scan: pci=584 dt=-3 dcfo=-500 best_ssb=2 dmrs=0.1468
  pci0_scan: pci=584 dt=-3 dcfo=500 best_ssb=5 dmrs=0.1420
  pci0_scan: pci=584 dt=3 dcfo=0 best_ssb=4 dmrs=0.1698
  pci0_scan: pci=584 dt=3 dcfo=-500 best_ssb=4 dmrs=0.1712
  pci0_scan: pci=584 dt=3 dcfo=500 best_ssb=4 dmrs=0.1665
pbch_hyps: count=8 decode=8 best_pci=356 best_ssb=7 best_dmrs=0.207 cfo=5231.4
  hyp[0]: pci=356 ssb=7 dmrs=0.207 ds=-88 dt=-3 dcfo=-500.0
  hyp[1]: pci=356 ssb=7 dmrs=0.202 ds=-88 dt=-3 dcfo=0.0
  hyp[2]: pci=356 ssb=7 dmrs=0.194 ds=-88 dt=-3 dcfo=500.0
  hyp[3]: pci=617 ssb=5 dmrs=0.189 ds=-66 dt=3 dcfo=-500.0
  hyp[4]: pci=617 ssb=5 dmrs=0.189 ds=-66 dt=3 dcfo=0.0
  hyp[5]: pci=617 ssb=5 dmrs=0.186 ds=-66 dt=3 dcfo=500.0
  hyp[6]: pci=356 ssb=1 dmrs=0.184 ds=-88 dt=2 dcfo=-500.0
  hyp[7]: pci=959 ssb=3 dmrs=0.178 ds=0 dt=1 dcfo=0.0
  pbch_try[0]: pci=356 ssb=7 dmrs=0.207 noise=0.7497 cpe=-0.055 dt=-3 dcfo=-500.0
  pbch_try[1]: pci=356 ssb=7 dmrs=0.202 noise=0.7679 cpe=-0.059 dt=-3 dcfo=0.0
  pbch_try[2]: pci=356 ssb=7 dmrs=0.194 noise=0.7844 cpe=-0.061 dt=-3 dcfo=500.0
  pbch_try[3]: pci=617 ssb=5 dmrs=0.189 noise=0.7075 cpe=-0.020 dt=3 dcfo=-500.0
  pbch_try[4]: pci=617 ssb=5 dmrs=0.189 noise=0.7164 cpe=-0.018 dt=3 dcfo=0.0
  pbch_try[5]: pci=617 ssb=5 dmrs=0.186 noise=0.7247 cpe=-0.016 dt=3 dcfo=500.0
  pbch_try[6]: pci=356 ssb=1 dmrs=0.184 noise=0.6373 cpe=0.030 dt=2 dcfo=-500.0
  pbch_try[7]: pci=959 ssb=3 dmrs=0.178 noise=0.5775 cpe=0.025 dt=1 dcfo=0.0
pbch_bch: crc-fail pci=356 ssb=7 dmrs=0.207 second=0.202 ds=-88 dt=-3 dcfo=-500.0 pss=0.136 snr=0.91
replay: cand[2] pbch=fail ssb=7 stage=3 dmrs=0.207 second=0.202 mib=0 sfn=0 payload=0x000000
replay: PBCH FAIL pci=356 stage=3 dmrs=0.207 second=0.202 pss=0.136 snr=0.91
